<?xml version="1.0" encoding="UTF-8"?>
<!-- Generated by org.testng.reporters.JUnitReportReporter -->
<testsuite hostname="DESKTOP-AVBD3VI" name="com.crm.qa.testcases.LoginPageTest" tests="3" failures="0" timestamp="4 Nov 2017 23:16:41 GMT" time="74.184" errors="0">
  <testcase name="loginPageTitleTest" time="18.457" classname="com.crm.qa.testcases.LoginPageTest"/>
  <testcase name="fbLogoTest" time="30.552" classname="com.crm.qa.testcases.LoginPageTest"/>
  <testcase name="loginActivityTest" time="25.175" classname="com.crm.qa.testcases.LoginPageTest"/>
</testsuite> <!-- com.crm.qa.testcases.LoginPageTest -->
